Cache size                    : 1073741824
Block size                    : 64
Associativity                 : 1
Read only ports               : 2
Write only ports              : 2
Read write ports              : 0
Single ended read ports       : 0
Cache banks (UCA)             : 1
Technology                    : 0.022
Temperature                   : 360
Tag size                      : 42
array type                    : Scratch RAM
Model as memory               : 1
Model as 3D memory       	 : 0
Access mode                   : 0
Data array cell type          : 4
Data array peripheral type    : 0
Tag array cell type           : 0
Tag array peripheral type     : 0
Optimization target           : 0
Design objective (UCA wt)     : 0 0 0 100 0
Design objective (UCA dev)    : 20 100000 100000 100000 100000
Cache model                   : 0
Nuca bank                     : 0
Wire inside mat               : 1
Wire outside mat              : 1
Interconnect projection       : 1
Wire signaling               : 1
Print level                   : 1
ECC overhead                  : 1
Page size                     : 8192
Burst length                  : 8
Internal prefetch width       : 8
Force cache config            : 0
Subarray Driver direction       : 1
iostate                       : WRITE
dram_ecc                      : NO_ECC
io_type                     : DDR3
dram_dimm                      : UDIMM
IO Area (sq.mm) = inf
IO Timing Margin (ps) = -14.1667
IO Votlage Margin (V) = 0.155
IO Dynamic Power (mW) = 1506.36 PHY Power (mW) = 232.752 PHY Wakeup Time (us) = 27.503
IO Termination and Bias Power (mW) = 2505.96

---------- CACTI (version 7.0.3DD Prerelease of Aug, 2012), UniformCache Access Commodity DRAM Model ----------

Cache Parameters:
    Total cache size (bytes): 1073741824
    Number of banks: 1
    Associativity: direct mapped
    Block size (bytes): 64
    Read/write Ports: 0
    Read ports: 2
    Write ports: 2
    Technology size (nm): 22

    Access time (ns): 29.5516
    Cycle time (ns):  42.1972
    Precharge Delay (ns): 12.6455
    Activate Energy (nJ): 0.0895503
    Read Energy (nJ): 42.716
    Write Energy (nJ): 42.7306
    Precharge Energy (nJ): 0.270608
    Leakage Power Closed Page (mW): 2.55967
    Leakage Power Open Page (mW): 2.56079
    Leakage Power I/O (mW): 2443.17
    Refresh power (mW): 4.17682
    Cache height x width (mm): 37.1161 x 11.3178

    Best Ndwl : 256
    Best Ndbl : 256
    Best Nspd : 128
    Best Ndcm : 1
    Best Ndsam L1 : 2
    Best Ndsam L2 : 1

    Data array, H-tree wire type: Global wires with 30% delay penalty

Time Components:

  Data side (with Output driver) (ns): 29.5516
	H-tree input delay (ns): 8.46591
	Decoder + wordline delay (ns): 0.920369
	Bitline delay (ns): 2.66686
	Sense Amplifier delay (ns): 0.0167604
	H-tree output delay (ns): 8.97783


Power Components:

  Data array: Total dynamic read energy/access  (nJ): 6.02769
	Total energy in H-tree (that includes both address and data transfer) (nJ): 5.69007
	Output Htree inside bank Energy (nJ): 5.32046
	Decoder (nJ): 0.000339024
	Wordline (nJ): 0.00637665
	Bitline mux & associated drivers (nJ): 0
	Sense amp mux & associated drivers (nJ): 0.000424681
	Bitlines precharge and equalization circuit (nJ): 0.00318651
	Bitlines (nJ): 0.267421
	Sense amplifier energy (nJ): 0.0412531
	Sub-array output driver (nJ): 0.0186208
	Total leakage power of a bank (mW): 8619.28
	Total leakage power in H-tree (that includes both address and data network) ((mW)): 1288.45
	Total leakage power in cells (mW): 0
	Total leakage power in row logic(mW): 0
	Total leakage power in column logic(mW): 0
	Total gate leakage power in H-tree (that includes both address and data network) ((mW)): 6.44453


Area Components:

  Data array: Area (mm2): 420.072
	Height (mm): 37.1161
	Width (mm): 11.3178
	Area efficiency (Memory cell area/Total area) - 4.45373 %
		MAT Height (mm): 0.271877
		MAT Length (mm): 0.070328
		Subarray Height (mm): 0.022528
		Subarray Length (mm): 0.012837

Wire Properties:

  Delay Optimal
	Repeater size - 42.0297 
	Repeater spacing - 0.0329013 (mm) 
	Delay - 0.216837 (ns/mm) 
	PowerD - 0.000279845 (nJ/mm) 
	PowerL - 0.0215298 (mW/mm) 
	PowerLgate - 9.15623e-05 (mW/mm)
	Wire width - 0.022 microns
	Wire spacing - 0.022 microns

  5% Overhead
	Repeater size - 17.0297 
	Repeater spacing - 0.0329013 (mm) 
	Delay - 0.226875 (ns/mm) 
	PowerD - 0.0001818 (nJ/mm) 
	PowerL - 0.00872349 (mW/mm) 
	PowerLgate - 3.70994e-05 (mW/mm)
	Wire width - 0.022 microns
	Wire spacing - 0.022 microns

  10% Overhead
	Repeater size - 15.0297 
	Repeater spacing - 0.0329013 (mm) 
	Delay - 0.235988 (ns/mm) 
	PowerD - 0.000174237 (nJ/mm) 
	PowerL - 0.00769899 (mW/mm) 
	PowerLgate - 3.27424e-05 (mW/mm)
	Wire width - 0.022 microns
	Wire spacing - 0.022 microns

  20% Overhead
	Repeater size - 12.0297 
	Repeater spacing - 0.0329013 (mm) 
	Delay - 0.257722 (ns/mm) 
	PowerD - 0.00016297 (nJ/mm) 
	PowerL - 0.00616223 (mW/mm) 
	PowerLgate - 2.62069e-05 (mW/mm)
	Wire width - 0.022 microns
	Wire spacing - 0.022 microns

  30% Overhead
	Repeater size - 10.0297 
	Repeater spacing - 0.0329013 (mm) 
	Delay - 0.28134 (ns/mm) 
	PowerD - 0.000155511 (nJ/mm) 
	PowerL - 0.00513773 (mW/mm) 
	PowerLgate - 2.18498e-05 (mW/mm)
	Wire width - 0.022 microns
	Wire spacing - 0.022 microns

  Low-swing wire (1 mm) - Note: Unlike repeated wires, 
	delay and power values of low-swing wires do not
	have a linear relationship with length. 
	delay - 0.0902442 (ns) 
	powerD - 2.8399e-06 (nJ) 
	PowerL - 1.71796e-07 (mW) 
	PowerLgate - 1.29017e-09 (mW)
	Wire width - 4.4e-08 microns
	Wire spacing - 4.4e-08 microns


top 3 best memory configurations are:
Memory    cap: 80 GB num_bobs: 1 bw: 533 (MHz) cost: $731.2 energy: 32.6101 (nJ) 
 {
 (0)  BoB       cap: 80 GB num_channels: 1 bw: 533 (MHz) cost: $731.2 energy: 32.6101 (nJ) 
    ==============
    (0) cap: 80 GB bw: 533 (MHz) cost: $731.2 dpc: 3 energy: 32.6101 (nJ)  DIMM:  RDIMM  low power: F [ 0(4GB) 0(8GB) 1(16GB) 2(32GB) 0(64GB) ]
    ==============

 }

=============================================

