Cache size                    : 32768
Block size                    : 64
Associativity                 : 8
Read only ports               : 1
Write only ports              : 1
Read write ports              : 0
Single ended read ports       : 0
Cache banks (UCA)             : 1
Technology                    : 0.022
Temperature                   : 360
Tag size                      : 42
array type                    : Cache
Model as memory               : 0
Model as 3D memory       	 : 0
Access mode                   : 0
Data array cell type          : 0
Data array peripheral type    : 0
Tag array cell type           : 0
Tag array peripheral type     : 0
Optimization target           : 0
Design objective (UCA wt)     : 0 0 0 100 0
Design objective (UCA dev)    : 20 100000 100000 100000 100000
Cache model                   : 0
Nuca bank                     : 0
Wire inside mat               : 1
Wire outside mat              : 1
Interconnect projection       : 1
Wire signaling               : 1
Print level                   : 1
ECC overhead                  : 1
Page size                     : 8192
Burst length                  : 8
Internal prefetch width       : 8
Force cache config            : 0
Subarray Driver direction       : 1
iostate                       : WRITE
dram_ecc                      : NO_ECC
io_type                     : DDR3
dram_dimm                      : UDIMM
IO Area (sq.mm) = inf
IO Timing Margin (ps) = -14.1667
IO Votlage Margin (V) = 0.155
IO Dynamic Power (mW) = 1506.36 PHY Power (mW) = 232.752 PHY Wakeup Time (us) = 27.503
IO Termination and Bias Power (mW) = 2505.96

---------- CACTI (version 7.0.3DD Prerelease of Aug, 2012), Uniform Cache Access SRAM Model ----------

Cache Parameters:
    Total cache size (bytes): 32768
    Number of banks: 1
    Associativity: 8
    Block size (bytes): 64
    Read/write Ports: 0
    Read ports: 1
    Write ports: 1
    Technology size (nm): 22

    Access time (ns): 1.18118
    Cycle time (ns):  0.225715
    Total dynamic read energy per access (nJ): 0.154238
    Total dynamic write energy per access (nJ): 0.164274
    Total leakage power of a bank (mW): 15.3489
    Total gate leakage power of a bank (mW): 0.0361375
    Cache height x width (mm): 0.241926 x 1.75918

    Best Ndwl : 16
    Best Ndbl : 2
    Best Nspd : 1
    Best Ndcm : 1
    Best Ndsam L1 : 8
    Best Ndsam L2 : 1

    Best Ntwl : 2
    Best Ntbl : 2
    Best Ntspd : 0.5
    Best Ntcm : 1
    Best Ntsam L1 : 1
    Best Ntsam L2 : 1
    Data array, H-tree wire type: Global wires with 30% delay penalty
    Tag array, H-tree wire type: Global wires with 30% delay penalty

Time Components:

  Data side (with Output driver) (ns): 1.15053
	H-tree input delay (ns): 0.444606
	Decoder + wordline delay (ns): 0.0805344
	Bitline delay (ns): 0.0356719
	Sense Amplifier delay (ns): 0.00193262
	H-tree output delay (ns): 0.587787

  Tag side (with Output driver) (ns): 0.106776
	H-tree input delay (ns): 0
	Decoder + wordline delay (ns): 0.0606354
	Bitline delay (ns): 0.028948
	Sense Amplifier delay (ns): 0.00193262
	Comparator delay (ns): 0.0186725
	H-tree output delay (ns): 0.0152595


Power Components:

  Data array: Total dynamic read energy/access  (nJ): 0.153374
	Total energy in H-tree (that includes both address and data transfer) (nJ): 0.136808
	Output Htree inside bank Energy (nJ): 0.134015
	Decoder (nJ): 4.32298e-05
	Wordline (nJ): 0.000422524
	Bitline mux & associated drivers (nJ): 0
	Sense amp mux & associated drivers (nJ): 0
	Bitlines precharge and equalization circuit (nJ): 0.00177444
	Bitlines (nJ): 0.00287123
	Sense amplifier energy (nJ): 0.0018712
	Sub-array output driver (nJ): 0.00939837
	Total leakage power of a bank (mW): 13.8835
	Total leakage power in H-tree (that includes both address and data network) ((mW)): 5.30587
	Total leakage power in cells (mW): 0
	Total leakage power in row logic(mW): 0
	Total leakage power in column logic(mW): 0
	Total gate leakage power in H-tree (that includes both address and data network) ((mW)): 0.0261873

  Tag array:  Total dynamic read energy/access (nJ): 0.000863493
	Total leakage read/write power of a bank (mW): 1.46539
	Total energy in H-tree (that includes both address and data transfer) (nJ): 0
	Output Htree inside a bank Energy (nJ): 0
	Decoder (nJ): 3.41791e-05
	Wordline (nJ): 3.88104e-05
	Bitline mux & associated drivers (nJ): 0
	Sense amp mux & associated drivers (nJ): 0
	Bitlines precharge and equalization circuit (nJ): 0.000137225
	Bitlines (nJ): 0.000361228
	Sense amplifier energy (nJ): 0.00012832
	Sub-array output driver (nJ): 4.08752e-05
	Total leakage power of a bank (mW): 1.46539
	Total leakage power in H-tree (that includes both address and data network) ((mW)): 0
	Total leakage power in cells (mW): 0
	Total leakage power in row logic(mW): 0
	Total leakage power in column logic(mW): 0
	Total gate leakage power in H-tree (that includes both address and data network) ((mW)): 0


Area Components:

  Data array: Area (mm2): 0.410341
	Height (mm): 0.241926
	Width (mm): 1.69614
	Area efficiency (Memory cell area/Total area) - 10.2268 %
		MAT Height (mm): 0.0599645
		MAT Length (mm): 0.211094
		Subarray Height (mm): 0.0137984
		Subarray Length (mm): 0.09801

  Tag array: Area (mm2): 0.00407866
	Height (mm): 0.0647033
	Width (mm): 0.0630363
	Area efficiency (Memory cell area/Total area) - 70.5574 %
		MAT Height (mm): 0.0647033
		MAT Length (mm): 0.0630363
		Subarray Height (mm): 0.0275968
		Subarray Length (mm): 0.02673

Wire Properties:

  Delay Optimal
	Repeater size - 42.0297 
	Repeater spacing - 0.0329013 (mm) 
	Delay - 0.216837 (ns/mm) 
	PowerD - 0.000279845 (nJ/mm) 
	PowerL - 0.0215298 (mW/mm) 
	PowerLgate - 9.15623e-05 (mW/mm)
	Wire width - 0.022 microns
	Wire spacing - 0.022 microns

  5% Overhead
	Repeater size - 17.0297 
	Repeater spacing - 0.0329013 (mm) 
	Delay - 0.226875 (ns/mm) 
	PowerD - 0.0001818 (nJ/mm) 
	PowerL - 0.00872349 (mW/mm) 
	PowerLgate - 3.70994e-05 (mW/mm)
	Wire width - 0.022 microns
	Wire spacing - 0.022 microns

  10% Overhead
	Repeater size - 15.0297 
	Repeater spacing - 0.0329013 (mm) 
	Delay - 0.235988 (ns/mm) 
	PowerD - 0.000174237 (nJ/mm) 
	PowerL - 0.00769899 (mW/mm) 
	PowerLgate - 3.27424e-05 (mW/mm)
	Wire width - 0.022 microns
	Wire spacing - 0.022 microns

  20% Overhead
	Repeater size - 12.0297 
	Repeater spacing - 0.0329013 (mm) 
	Delay - 0.257722 (ns/mm) 
	PowerD - 0.00016297 (nJ/mm) 
	PowerL - 0.00616223 (mW/mm) 
	PowerLgate - 2.62069e-05 (mW/mm)
	Wire width - 0.022 microns
	Wire spacing - 0.022 microns

  30% Overhead
	Repeater size - 10.0297 
	Repeater spacing - 0.0329013 (mm) 
	Delay - 0.28134 (ns/mm) 
	PowerD - 0.000155511 (nJ/mm) 
	PowerL - 0.00513773 (mW/mm) 
	PowerLgate - 2.18498e-05 (mW/mm)
	Wire width - 0.022 microns
	Wire spacing - 0.022 microns

  Low-swing wire (1 mm) - Note: Unlike repeated wires, 
	delay and power values of low-swing wires do not
	have a linear relationship with length. 
	delay - 0.0902442 (ns) 
	powerD - 2.8399e-06 (nJ) 
	PowerL - 1.71796e-07 (mW) 
	PowerLgate - 1.29017e-09 (mW)
	Wire width - 4.4e-08 microns
	Wire spacing - 4.4e-08 microns


top 3 best memory configurations are:
Memory    cap: 80 GB num_bobs: 1 bw: 533 (MHz) cost: $731.2 energy: 32.6101 (nJ) 
 {
 (0)  BoB       cap: 80 GB num_channels: 1 bw: 533 (MHz) cost: $731.2 energy: 32.6101 (nJ) 
    ==============
    (0) cap: 80 GB bw: 533 (MHz) cost: $731.2 dpc: 3 energy: 32.6101 (nJ)  DIMM:  RDIMM  low power: F [ 0(4GB) 0(8GB) 1(16GB) 2(32GB) 0(64GB) ]
    ==============

 }

=============================================

