Cache size                    : 67108864
Block size                    : 64
Associativity                 : 2
Read only ports               : 2
Write only ports              : 2
Read write ports              : 0
Single ended read ports       : 0
Cache banks (UCA)             : 1
Technology                    : 0.022
Temperature                   : 360
Tag size                      : 42
array type                    : Cache
Model as memory               : 0
Model as 3D memory       	 : 0
Access mode                   : 0
Data array cell type          : 0
Data array peripheral type    : 0
Tag array cell type           : 0
Tag array peripheral type     : 0
Optimization target           : 0
Design objective (UCA wt)     : 0 0 0 100 0
Design objective (UCA dev)    : 20 100000 100000 100000 100000
Cache model                   : 0
Nuca bank                     : 0
Wire inside mat               : 1
Wire outside mat              : 1
Interconnect projection       : 1
Wire signaling               : 1
Print level                   : 1
ECC overhead                  : 1
Page size                     : 8192
Burst length                  : 8
Internal prefetch width       : 8
Force cache config            : 0
Subarray Driver direction       : 1
iostate                       : WRITE
dram_ecc                      : NO_ECC
io_type                     : DDR3
dram_dimm                      : UDIMM
IO Area (sq.mm) = inf
IO Timing Margin (ps) = -14.1667
IO Votlage Margin (V) = 0.155
IO Dynamic Power (mW) = 1506.36 PHY Power (mW) = 232.752 PHY Wakeup Time (us) = 27.503
IO Termination and Bias Power (mW) = 2505.96

---------- CACTI (version 7.0.3DD Prerelease of Aug, 2012), Uniform Cache Access SRAM Model ----------

Cache Parameters:
    Total cache size (bytes): 67108864
    Number of banks: 1
    Associativity: 2
    Block size (bytes): 64
    Read/write Ports: 0
    Read ports: 2
    Write ports: 2
    Technology size (nm): 22

    Access time (ns): 19.6949
    Cycle time (ns):  0.174903
    Total dynamic read energy per access (nJ): 5.30159
    Total dynamic write energy per access (nJ): 5.80959
    Total leakage power of a bank (mW): 40853.1
    Total gate leakage power of a bank (mW): 93.1362
    Cache height x width (mm): 27.2064 x 15.8112

    Best Ndwl : 128
    Best Ndbl : 512
    Best Nspd : 16
    Best Ndcm : 1
    Best Ndsam L1 : 4
    Best Ndsam L2 : 16

    Best Ntwl : 64
    Best Ntbl : 128
    Best Ntspd : 64
    Best Ntcm : 1
    Best Ntsam L1 : 8
    Best Ntsam L2 : 1
    Data array, H-tree wire type: Global wires with 30% delay penalty
    Tag array, H-tree wire type: Global wires with 30% delay penalty

Time Components:

  Data side (with Output driver) (ns): 15.9485
	H-tree input delay (ns): 7.64909
	Decoder + wordline delay (ns): 0.0818558
	Bitline delay (ns): 0.0498545
	Sense Amplifier delay (ns): 0.00193262
	H-tree output delay (ns): 8.16575

  Tag side (with Output driver) (ns): 3.78704
	H-tree input delay (ns): 1.64291
	Decoder + wordline delay (ns): 0.0659936
	Bitline delay (ns): 0.0379916
	Sense Amplifier delay (ns): 0.00193262
	Comparator delay (ns): 0.0150798
	H-tree output delay (ns): 2.03822


Power Components:

  Data array: Total dynamic read energy/access  (nJ): 5.22979
	Total energy in H-tree (that includes both address and data transfer) (nJ): 5.11704
	Output Htree inside bank Energy (nJ): 4.80033
	Decoder (nJ): 0.00275733
	Wordline (nJ): 0.00535056
	Bitline mux & associated drivers (nJ): 0
	Sense amp mux & associated drivers (nJ): 0.00275994
	Bitlines precharge and equalization circuit (nJ): 0.016163
	Bitlines (nJ): 0.0580477
	Sense amplifier energy (nJ): 0.0149696
	Sub-array output driver (nJ): 0.00805928
	Total leakage power of a bank (mW): 38793.3
	Total leakage power in H-tree (that includes both address and data network) ((mW)): 1177.69
	Total leakage power in cells (mW): 0
	Total leakage power in row logic(mW): 0
	Total leakage power in column logic(mW): 0
	Total gate leakage power in H-tree (that includes both address and data network) ((mW)): 6.45494

  Tag array:  Total dynamic read energy/access (nJ): 0.0717987
	Total leakage read/write power of a bank (mW): 2059.81
	Total energy in H-tree (that includes both address and data transfer) (nJ): 0.0705429
	Output Htree inside a bank Energy (nJ): 0.00516071
	Decoder (nJ): 8.61666e-05
	Wordline (nJ): 7.13725e-05
	Bitline mux & associated drivers (nJ): 0
	Sense amp mux & associated drivers (nJ): 3.46498e-05
	Bitlines precharge and equalization circuit (nJ): 0.000203337
	Bitlines (nJ): 0.000629858
	Sense amplifier energy (nJ): 0.000162431
	Sub-array output driver (nJ): 2.01658e-05
	Total leakage power of a bank (mW): 2059.81
	Total leakage power in H-tree (that includes both address and data network) ((mW)): 14.073
	Total leakage power in cells (mW): 0
	Total leakage power in row logic(mW): 0
	Total leakage power in column logic(mW): 0
	Total gate leakage power in H-tree (that includes both address and data network) ((mW)): 0.0868946


Area Components:

  Data array: Area (mm2): 364.523
	Height (mm): 27.2064
	Width (mm): 13.3984
	Area efficiency (Memory cell area/Total area) - 59.3438 %
		MAT Height (mm): 0.0998127
		MAT Length (mm): 0.178735
		Subarray Height (mm): 0.0416768
		Subarray Length (mm): 0.080685

  Tag array: Area (mm2): 15.4393
	Height (mm): 6.39896
	Width (mm): 2.41278
	Area efficiency (Memory cell area/Total area) - 60.8121 %
		MAT Height (mm): 0.0962548
		MAT Length (mm): 0.0677873
		Subarray Height (mm): 0.0416768
		Subarray Length (mm): 0.027995

Wire Properties:

  Delay Optimal
	Repeater size - 42.0297 
	Repeater spacing - 0.0329013 (mm) 
	Delay - 0.216837 (ns/mm) 
	PowerD - 0.000279845 (nJ/mm) 
	PowerL - 0.0215298 (mW/mm) 
	PowerLgate - 9.15623e-05 (mW/mm)
	Wire width - 0.022 microns
	Wire spacing - 0.022 microns

  5% Overhead
	Repeater size - 17.0297 
	Repeater spacing - 0.0329013 (mm) 
	Delay - 0.226875 (ns/mm) 
	PowerD - 0.0001818 (nJ/mm) 
	PowerL - 0.00872349 (mW/mm) 
	PowerLgate - 3.70994e-05 (mW/mm)
	Wire width - 0.022 microns
	Wire spacing - 0.022 microns

  10% Overhead
	Repeater size - 15.0297 
	Repeater spacing - 0.0329013 (mm) 
	Delay - 0.235988 (ns/mm) 
	PowerD - 0.000174237 (nJ/mm) 
	PowerL - 0.00769899 (mW/mm) 
	PowerLgate - 3.27424e-05 (mW/mm)
	Wire width - 0.022 microns
	Wire spacing - 0.022 microns

  20% Overhead
	Repeater size - 12.0297 
	Repeater spacing - 0.0329013 (mm) 
	Delay - 0.257722 (ns/mm) 
	PowerD - 0.00016297 (nJ/mm) 
	PowerL - 0.00616223 (mW/mm) 
	PowerLgate - 2.62069e-05 (mW/mm)
	Wire width - 0.022 microns
	Wire spacing - 0.022 microns

  30% Overhead
	Repeater size - 10.0297 
	Repeater spacing - 0.0329013 (mm) 
	Delay - 0.28134 (ns/mm) 
	PowerD - 0.000155511 (nJ/mm) 
	PowerL - 0.00513773 (mW/mm) 
	PowerLgate - 2.18498e-05 (mW/mm)
	Wire width - 0.022 microns
	Wire spacing - 0.022 microns

  Low-swing wire (1 mm) - Note: Unlike repeated wires, 
	delay and power values of low-swing wires do not
	have a linear relationship with length. 
	delay - 0.0902442 (ns) 
	powerD - 2.8399e-06 (nJ) 
	PowerL - 1.71796e-07 (mW) 
	PowerLgate - 1.29017e-09 (mW)
	Wire width - 4.4e-08 microns
	Wire spacing - 4.4e-08 microns


top 3 best memory configurations are:
Memory    cap: 80 GB num_bobs: 1 bw: 533 (MHz) cost: $731.2 energy: 32.6101 (nJ) 
 {
 (0)  BoB       cap: 80 GB num_channels: 1 bw: 533 (MHz) cost: $731.2 energy: 32.6101 (nJ) 
    ==============
    (0) cap: 80 GB bw: 533 (MHz) cost: $731.2 dpc: 3 energy: 32.6101 (nJ)  DIMM:  RDIMM  low power: F [ 0(4GB) 0(8GB) 1(16GB) 2(32GB) 0(64GB) ]
    ==============

 }

=============================================

