Cache size                    : 2097152
Block size                    : 64
Associativity                 : 16
Read only ports               : 2
Write only ports              : 2
Read write ports              : 0
Single ended read ports       : 0
Cache banks (UCA)             : 1
Technology                    : 0.022
Temperature                   : 360
Tag size                      : 42
array type                    : Cache
Model as memory               : 0
Model as 3D memory       	 : 0
Access mode                   : 0
Data array cell type          : 0
Data array peripheral type    : 0
Tag array cell type           : 0
Tag array peripheral type     : 0
Optimization target           : 0
Design objective (UCA wt)     : 0 0 0 100 0
Design objective (UCA dev)    : 20 100000 100000 100000 100000
Cache model                   : 0
Nuca bank                     : 0
Wire inside mat               : 1
Wire outside mat              : 1
Interconnect projection       : 1
Wire signaling               : 1
Print level                   : 1
ECC overhead                  : 1
Page size                     : 8192
Burst length                  : 8
Internal prefetch width       : 8
Force cache config            : 0
Subarray Driver direction       : 1
iostate                       : WRITE
dram_ecc                      : NO_ECC
io_type                     : DDR3
dram_dimm                      : UDIMM
IO Area (sq.mm) = inf
IO Timing Margin (ps) = -14.1667
IO Votlage Margin (V) = 0.155
IO Dynamic Power (mW) = 1506.36 PHY Power (mW) = 232.752 PHY Wakeup Time (us) = 27.503
IO Termination and Bias Power (mW) = 2505.96

---------- CACTI (version 7.0.3DD Prerelease of Aug, 2012), Uniform Cache Access SRAM Model ----------

Cache Parameters:
    Total cache size (bytes): 2097152
    Number of banks: 1
    Associativity: 16
    Block size (bytes): 64
    Read/write Ports: 0
    Read ports: 2
    Write ports: 2
    Technology size (nm): 22

    Access time (ns): 5.41336
    Cycle time (ns):  0.448327
    Total dynamic read energy per access (nJ): 1.3965
    Total dynamic write energy per access (nJ): 1.53237
    Total leakage power of a bank (mW): 1190.03
    Total gate leakage power of a bank (mW): 2.50379
    Cache height x width (mm): 3.12837 x 6.8257

    Best Ndwl : 32
    Best Ndbl : 16
    Best Nspd : 1
    Best Ndcm : 1
    Best Ndsam L1 : 16
    Best Ndsam L2 : 1

    Best Ntwl : 8
    Best Ntbl : 16
    Best Ntspd : 2
    Best Ntcm : 1
    Best Ntsam L1 : 4
    Best Ntsam L2 : 1
    Data array, H-tree wire type: Global wires with 30% delay penalty
    Tag array, H-tree wire type: Global wires with 30% delay penalty

Time Components:

  Data side (with Output driver) (ns): 4.69574
	H-tree input delay (ns): 2.05944
	Decoder + wordline delay (ns): 0.154093
	Bitline delay (ns): 0.118148
	Sense Amplifier delay (ns): 0.00193262
	H-tree output delay (ns): 2.36212

  Tag side (with Output driver) (ns): 0.927421
	H-tree input delay (ns): 0.296979
	Decoder + wordline delay (ns): 0.0799819
	Bitline delay (ns): 0.0483074
	Sense Amplifier delay (ns): 0.00193262
	Comparator delay (ns): 0.017475
	H-tree output delay (ns): 0.50022


Power Components:

  Data array: Total dynamic read energy/access  (nJ): 1.37804
	Total energy in H-tree (that includes both address and data transfer) (nJ): 1.32495
	Output Htree inside bank Energy (nJ): 1.2762
	Decoder (nJ): 0.000293199
	Wordline (nJ): 0.00115449
	Bitline mux & associated drivers (nJ): 0
	Sense amp mux & associated drivers (nJ): 0
	Bitlines precharge and equalization circuit (nJ): 0.00386943
	Bitlines (nJ): 0.028074
	Sense amplifier energy (nJ): 0.00374241
	Sub-array output driver (nJ): 0.0154704
	Total leakage power of a bank (mW): 1091.46
	Total leakage power in H-tree (that includes both address and data network) ((mW)): 87.9524
	Total leakage power in cells (mW): 0
	Total leakage power in row logic(mW): 0
	Total leakage power in column logic(mW): 0
	Total gate leakage power in H-tree (that includes both address and data network) ((mW)): 0.428099

  Tag array:  Total dynamic read energy/access (nJ): 0.0184544
	Total leakage read/write power of a bank (mW): 98.5693
	Total energy in H-tree (that includes both address and data transfer) (nJ): 0.0113905
	Output Htree inside a bank Energy (nJ): 0.00512413
	Decoder (nJ): 0.000172333
	Wordline (nJ): 0.000319233
	Bitline mux & associated drivers (nJ): 0
	Sense amp mux & associated drivers (nJ): 0.000156699
	Bitlines precharge and equalization circuit (nJ): 0.000952403
	Bitlines (nJ): 0.00340124
	Sense amplifier energy (nJ): 0.000877126
	Sub-array output driver (nJ): 0.000250674
	Total leakage power of a bank (mW): 98.5693
	Total leakage power in H-tree (that includes both address and data network) ((mW)): 1.23236
	Total leakage power in cells (mW): 0
	Total leakage power in row logic(mW): 0
	Total leakage power in column logic(mW): 0
	Total gate leakage power in H-tree (that includes both address and data network) ((mW)): 0.00807128


Area Components:

  Data array: Area (mm2): 19.1106
	Height (mm): 3.12837
	Width (mm): 6.1088
	Area efficiency (Memory cell area/Total area) - 35.3732 %
		MAT Height (mm): 0.206995
		MAT Length (mm): 0.33956
		Subarray Height (mm): 0.0833536
		Subarray Length (mm): 0.16137

  Tag array: Area (mm2): 0.585964
	Height (mm): 0.817363
	Width (mm): 0.716897
	Area efficiency (Memory cell area/Total area) - 67.5973 %
		MAT Height (mm): 0.0979463
		MAT Length (mm): 0.168488
		Subarray Height (mm): 0.0416768
		Subarray Length (mm): 0.07557

Wire Properties:

  Delay Optimal
	Repeater size - 42.0297 
	Repeater spacing - 0.0329013 (mm) 
	Delay - 0.216837 (ns/mm) 
	PowerD - 0.000279845 (nJ/mm) 
	PowerL - 0.0215298 (mW/mm) 
	PowerLgate - 9.15623e-05 (mW/mm)
	Wire width - 0.022 microns
	Wire spacing - 0.022 microns

  5% Overhead
	Repeater size - 17.0297 
	Repeater spacing - 0.0329013 (mm) 
	Delay - 0.226875 (ns/mm) 
	PowerD - 0.0001818 (nJ/mm) 
	PowerL - 0.00872349 (mW/mm) 
	PowerLgate - 3.70994e-05 (mW/mm)
	Wire width - 0.022 microns
	Wire spacing - 0.022 microns

  10% Overhead
	Repeater size - 15.0297 
	Repeater spacing - 0.0329013 (mm) 
	Delay - 0.235988 (ns/mm) 
	PowerD - 0.000174237 (nJ/mm) 
	PowerL - 0.00769899 (mW/mm) 
	PowerLgate - 3.27424e-05 (mW/mm)
	Wire width - 0.022 microns
	Wire spacing - 0.022 microns

  20% Overhead
	Repeater size - 12.0297 
	Repeater spacing - 0.0329013 (mm) 
	Delay - 0.257722 (ns/mm) 
	PowerD - 0.00016297 (nJ/mm) 
	PowerL - 0.00616223 (mW/mm) 
	PowerLgate - 2.62069e-05 (mW/mm)
	Wire width - 0.022 microns
	Wire spacing - 0.022 microns

  30% Overhead
	Repeater size - 10.0297 
	Repeater spacing - 0.0329013 (mm) 
	Delay - 0.28134 (ns/mm) 
	PowerD - 0.000155511 (nJ/mm) 
	PowerL - 0.00513773 (mW/mm) 
	PowerLgate - 2.18498e-05 (mW/mm)
	Wire width - 0.022 microns
	Wire spacing - 0.022 microns

  Low-swing wire (1 mm) - Note: Unlike repeated wires, 
	delay and power values of low-swing wires do not
	have a linear relationship with length. 
	delay - 0.0902442 (ns) 
	powerD - 2.8399e-06 (nJ) 
	PowerL - 1.71796e-07 (mW) 
	PowerLgate - 1.29017e-09 (mW)
	Wire width - 4.4e-08 microns
	Wire spacing - 4.4e-08 microns


top 3 best memory configurations are:
Memory    cap: 80 GB num_bobs: 1 bw: 533 (MHz) cost: $731.2 energy: 32.6101 (nJ) 
 {
 (0)  BoB       cap: 80 GB num_channels: 1 bw: 533 (MHz) cost: $731.2 energy: 32.6101 (nJ) 
    ==============
    (0) cap: 80 GB bw: 533 (MHz) cost: $731.2 dpc: 3 energy: 32.6101 (nJ)  DIMM:  RDIMM  low power: F [ 0(4GB) 0(8GB) 1(16GB) 2(32GB) 0(64GB) ]
    ==============

 }

=============================================

